<?xml version="1.0" encoding="UTF-8"?>
<!-- Generated by org.testng.reporters.JUnitReportReporter -->
<testsuite hostname="Dell-PC" name="search.sample" tests="1" failures="0" timestamp="12 Mar 2015 10:32:03 GMT" time="0.000" errors="0">
  <testcase name="sellingbooks" time="0.000" classname="search.sample"/>
</testsuite> <!-- search.sample -->
