<?xml version="1.0" encoding="UTF-8"?>
<!-- Generated by org.testng.reporters.JUnitReportReporter -->
<testsuite hostname="Dell-PC" name="search.Testautomation" tests="1" failures="0" timestamp="12 Mar 2015 22:21:30 GMT" time="11.271" errors="0">
  <testcase name="search" time="11.271" classname="search.Testautomation"/>
</testsuite> <!-- search.Testautomation -->
